<?xml version="1.0" encoding="UTF-8"?>
<testsuite name="ComputerRepairRequestTest" tests="1" skipped="0" failures="0" errors="0" timestamp="2022-03-01T16:36:54" hostname="DESKTOP-9JCASST" time="0.026">
  <properties/>
  <testcase name="First Test" classname="ComputerRepairRequestTest" time="0.026"/>
  <system-out><![CDATA[]]></system-out>
  <system-err><![CDATA[]]></system-err>
</testsuite>
